2022-02-03 15:12:09.532 WARN [main] [com.mulesoft.tools.migration.step.AbstractApplicationModelMigrationStep.execute(AbstractApplicationModelMigrationStep.java:124)] - Exception java.util.ConcurrentModificationException: The ContentList supporting the FilterList this iterator is processing has been modified by something other than this Iterator. -- migrating http:request-config
2022-02-03 15:12:09.540 ERROR [main] [com.mulesoft.tools.migration.engine.MigrationJob.execute(MigrationJob.java:111)] - Failed to apply task, rolling back and continuing with the next one.
com.mulesoft.tools.migration.exception.MigrationTaskException: Task execution exception. Task execution exception (The ContentList supporting the FilterList this iterator is processing has been modified by something other than this Iterator.) migrating node:
<http:request-config xmlns:http="http://www.mulesoft.org/schema/mule/http" xmlns:doc="http://www.mulesoft.org/schema/mule/documentation" name="Error_Catalog_HTTP_Request_Configuration" basePath="${error.catalog.path}" responseTimeout="${error.catalog.connectionTimeout}" doc:name="HTTP Request Configuration">
        
        <tls:context xmlns:tls="http://www.mulesoft.org/schema/mule/tls">
            <tls:trust-store insecure="true" />
        </tls:context>
    <http:request-connection protocol="HTTPS" host="${error.catalog.host}" port="${error.catalog.port}" connectionIdleTimeout="${error.catalog.connectionIdleTimeout}"><http:client-socket-properties><tcp:client-socket-properties xmlns:tcp="http://www.mulesoft.org/schema/mule/tcp" connectionTimeout="3000" keepAlive="true" /></http:client-socket-properties></http:request-connection></http:request-config>
	at com.mulesoft.tools.migration.task.AbstractMigrationTask.execute(AbstractMigrationTask.java:94) ~[mule-migration-tool-api-1.2.1-SNAPSHOT.jar:?]
	at com.mulesoft.tools.migration.engine.MigrationJob.execute(MigrationJob.java:102) [mule-migration-tool-engine-1.2.1-SNAPSHOT.jar:1.2.1-SNAPSHOT]
	at com.mulesoft.tools.migration.MigrationRunner.run(MigrationRunner.java:82) [mule-migration-assistant-runner-1.2.1-SNAPSHOT.jar:1.2.1-SNAPSHOT]
	at com.orchestrator.Orchestrator.generateEstimate(Orchestrator.java:177) [classes/:?]
	at com.orchestrator.Orchestrator.main(Orchestrator.java:104) [classes/:?]
Caused by: com.mulesoft.tools.migration.exception.MigrationStepException: Task execution exception (The ContentList supporting the FilterList this iterator is processing has been modified by something other than this Iterator.) migrating node:
<http:request-config xmlns:http="http://www.mulesoft.org/schema/mule/http" xmlns:doc="http://www.mulesoft.org/schema/mule/documentation" name="Error_Catalog_HTTP_Request_Configuration" basePath="${error.catalog.path}" responseTimeout="${error.catalog.connectionTimeout}" doc:name="HTTP Request Configuration">
        
        <tls:context xmlns:tls="http://www.mulesoft.org/schema/mule/tls">
            <tls:trust-store insecure="true" />
        </tls:context>
    <http:request-connection protocol="HTTPS" host="${error.catalog.host}" port="${error.catalog.port}" connectionIdleTimeout="${error.catalog.connectionIdleTimeout}"><http:client-socket-properties><tcp:client-socket-properties xmlns:tcp="http://www.mulesoft.org/schema/mule/tcp" connectionTimeout="3000" keepAlive="true" /></http:client-socket-properties></http:request-connection></http:request-config>
	at com.mulesoft.tools.migration.task.AbstractMigrationTask.lambda$fetchAndProcessNodes$7(AbstractMigrationTask.java:108) ~[mule-migration-tool-api-1.2.1-SNAPSHOT.jar:?]
	at java.util.stream.ForEachOps$ForEachOp$OfRef.accept(ForEachOps.java:183) ~[?:?]
	at java.util.stream.ReferencePipeline$2$1.accept(ReferencePipeline.java:177) ~[?:?]
	at java.util.LinkedList$LLSpliterator.forEachRemaining(LinkedList.java:1239) ~[?:?]
	at java.util.stream.AbstractPipeline.copyInto(AbstractPipeline.java:484) ~[?:?]
	at java.util.stream.AbstractPipeline.wrapAndCopyInto(AbstractPipeline.java:474) ~[?:?]
	at java.util.stream.ForEachOps$ForEachOp.evaluateSequential(ForEachOps.java:150) ~[?:?]
	at java.util.stream.ForEachOps$ForEachOp$OfRef.evaluateSequential(ForEachOps.java:173) ~[?:?]
	at java.util.stream.AbstractPipeline.evaluate(AbstractPipeline.java:234) ~[?:?]
	at java.util.stream.ReferencePipeline.forEach(ReferencePipeline.java:497) ~[?:?]
	at com.mulesoft.tools.migration.task.AbstractMigrationTask.fetchAndProcessNodes(AbstractMigrationTask.java:102) ~[mule-migration-tool-api-1.2.1-SNAPSHOT.jar:?]
	at com.mulesoft.tools.migration.task.AbstractMigrationTask.lambda$execute$3(AbstractMigrationTask.java:73) ~[mule-migration-tool-api-1.2.1-SNAPSHOT.jar:?]
	at java.util.ArrayList.forEach(ArrayList.java:1541) ~[?:?]
	at com.mulesoft.tools.migration.task.AbstractMigrationTask.execute(AbstractMigrationTask.java:71) ~[mule-migration-tool-api-1.2.1-SNAPSHOT.jar:?]
	... 4 more
Caused by: java.util.ConcurrentModificationException: The ContentList supporting the FilterList this iterator is processing has been modified by something other than this Iterator.
	at org.jdom2.ContentList$FilterListIterator.checkConcurrent(ContentList.java:1337) ~[jdom2-2.0.6.jar:2.0.6]
	at org.jdom2.ContentList$FilterListIterator.next(ContentList.java:1385) ~[jdom2-2.0.6.jar:2.0.6]
	at org.jdom2.ContentList$FilterListIterator.next(ContentList.java:1288) ~[jdom2-2.0.6.jar:2.0.6]
	at java.lang.Iterable.forEach(Iterable.java:74) ~[?:?]
	at com.mulesoft.tools.migration.library.mule.steps.http.HttpConnectorRequestConfig.executeMigration(HttpConnectorRequestConfig.java:79) ~[mule-migration-tool-library-1.2.1-SNAPSHOT.jar:?]
	at com.mulesoft.tools.migration.step.AbstractApplicationModelMigrationStep.execute(AbstractApplicationModelMigrationStep.java:107) ~[mule-migration-tool-api-1.2.1-SNAPSHOT.jar:?]
	at com.mulesoft.tools.migration.step.AbstractApplicationModelMigrationStep.execute(AbstractApplicationModelMigrationStep.java:34) ~[mule-migration-tool-api-1.2.1-SNAPSHOT.jar:?]
	at com.mulesoft.tools.migration.task.AbstractMigrationTask.lambda$fetchAndProcessNodes$7(AbstractMigrationTask.java:105) ~[mule-migration-tool-api-1.2.1-SNAPSHOT.jar:?]
	at java.util.stream.ForEachOps$ForEachOp$OfRef.accept(ForEachOps.java:183) ~[?:?]
	at java.util.stream.ReferencePipeline$2$1.accept(ReferencePipeline.java:177) ~[?:?]
	at java.util.LinkedList$LLSpliterator.forEachRemaining(LinkedList.java:1239) ~[?:?]
	at java.util.stream.AbstractPipeline.copyInto(AbstractPipeline.java:484) ~[?:?]
	at java.util.stream.AbstractPipeline.wrapAndCopyInto(AbstractPipeline.java:474) ~[?:?]
	at java.util.stream.ForEachOps$ForEachOp.evaluateSequential(ForEachOps.java:150) ~[?:?]
	at java.util.stream.ForEachOps$ForEachOp$OfRef.evaluateSequential(ForEachOps.java:173) ~[?:?]
	at java.util.stream.AbstractPipeline.evaluate(AbstractPipeline.java:234) ~[?:?]
	at java.util.stream.ReferencePipeline.forEach(ReferencePipeline.java:497) ~[?:?]
	at com.mulesoft.tools.migration.task.AbstractMigrationTask.fetchAndProcessNodes(AbstractMigrationTask.java:102) ~[mule-migration-tool-api-1.2.1-SNAPSHOT.jar:?]
	at com.mulesoft.tools.migration.task.AbstractMigrationTask.lambda$execute$3(AbstractMigrationTask.java:73) ~[mule-migration-tool-api-1.2.1-SNAPSHOT.jar:?]
	at java.util.ArrayList.forEach(ArrayList.java:1541) ~[?:?]
	at com.mulesoft.tools.migration.task.AbstractMigrationTask.execute(AbstractMigrationTask.java:71) ~[mule-migration-tool-api-1.2.1-SNAPSHOT.jar:?]
	... 4 more
2022-02-03 15:12:11.492 INFO [main] [com.mulesoft.migration.analyzer.PrepareProjectList.analyzeSizeOfProject(PrepareProjectList.java:133)] - Mule 3 count of components344
2022-02-03 15:12:11.493 INFO [main] [com.mulesoft.migration.analyzer.PrepareProjectList.analyzeSizeOfProject(PrepareProjectList.java:134)] - Mule 3 count of dwl lines of code 234
2022-02-03 15:12:11.493 INFO [main] [com.mulesoft.migration.analyzer.PrepareProjectList.analyzeSizeOfProject(PrepareProjectList.java:135)] - Mule 3 number of munits26
2022-02-03 15:12:11.493 INFO [main] [com.mulesoft.migration.analyzer.PrepareProjectList.analyzeSizeOfProject(PrepareProjectList.java:143)] - Mule 3 score is497.4
2022-02-03 15:12:12.179 INFO [main] [com.mulesoft.migration.analyzer.PrepareProjectList.analyzeSizeOfProject(PrepareProjectList.java:133)] - Mule 3 count of components27
2022-02-03 15:12:12.179 INFO [main] [com.mulesoft.migration.analyzer.PrepareProjectList.analyzeSizeOfProject(PrepareProjectList.java:134)] - Mule 3 count of dwl lines of code 0
2022-02-03 15:12:12.179 INFO [main] [com.mulesoft.migration.analyzer.PrepareProjectList.analyzeSizeOfProject(PrepareProjectList.java:135)] - Mule 3 number of munits0
2022-02-03 15:12:12.180 INFO [main] [com.mulesoft.migration.analyzer.PrepareProjectList.analyzeSizeOfProject(PrepareProjectList.java:143)] - Mule 3 score is27.0
